[2020-10-31 22:17:29.358] [exthost] [info] extension host started
[2020-10-31 22:17:29.442] [exthost] [info] ExtensionService#_doActivateExtension vscode.debug-auto-launch {"startup":true,"activationEvent":"*"}
[2020-10-31 22:17:29.443] [exthost] [info] ExtensionService#loadCommonJSModule /usr/share/code-oss/resources/app/extensions/debug-auto-launch/dist/extension
[2020-10-31 22:17:29.472] [exthost] [info] ExtensionService#_doActivateExtension vscode.emmet {"startup":true,"activationEvent":"*"}
[2020-10-31 22:17:29.472] [exthost] [info] ExtensionService#loadCommonJSModule /usr/share/code-oss/resources/app/extensions/emmet/dist/extension
[2020-10-31 22:17:29.621] [exthost] [info] ExtensionService#_doActivateExtension vscode.git {"startup":true,"activationEvent":"*"}
[2020-10-31 22:17:29.622] [exthost] [info] ExtensionService#loadCommonJSModule /usr/share/code-oss/resources/app/extensions/git/dist/main
[2020-10-31 22:17:30.118] [exthost] [info] ExtensionService#_doActivateExtension vscode.merge-conflict {"startup":true,"activationEvent":"*"}
[2020-10-31 22:17:30.120] [exthost] [info] ExtensionService#loadCommonJSModule /usr/share/code-oss/resources/app/extensions/merge-conflict/dist/extension
[2020-10-31 22:17:30.154] [exthost] [info] eager extensions activated
[2020-10-31 22:17:30.172] [exthost] [info] ExtensionService#_doActivateExtension vscode.python {"startup":false,"activationEvent":"onLanguage:python"}
[2020-10-31 22:17:30.172] [exthost] [info] ExtensionService#loadCommonJSModule /usr/share/code-oss/resources/app/extensions/python/out/pythonMain
[2020-10-31 22:17:30.176] [exthost] [info] ExtensionService#_doActivateExtension batisteo.vscode-django {"startup":false,"activationEvent":"onLanguage:python"}
[2020-10-31 22:17:30.176] [exthost] [info] ExtensionService#loadCommonJSModule /home/pi/.vscode-oss/extensions/batisteo.vscode-django-0.20.0/out/extension
[2020-10-31 22:17:30.215] [exthost] [info] ExtensionService#_doActivateExtension ms-python.python {"startup":false,"activationEvent":"onLanguage:python"}
[2020-10-31 22:17:30.215] [exthost] [info] ExtensionService#loadCommonJSModule /home/pi/.vscode-oss/extensions/ms-python.python-2019.1.0/out/client/extension
[2020-10-31 22:17:31.627] [exthost] [info] ExtensionService#_doActivateExtension VisualStudioExptTeam.vscodeintellicode {"startup":false,"activationEvent":"onLanguage:python"}
[2020-10-31 22:17:31.627] [exthost] [info] ExtensionService#loadCommonJSModule /home/pi/.vscode-oss/extensions/visualstudioexptteam.vscodeintellicode-1.0.6/out/extension
[2020-10-31 23:22:51.492] [exthost] [info] ExtensionService#_doActivateExtension vscode.css-language-features {"startup":false,"activationEvent":"onLanguage:css"}
[2020-10-31 23:22:51.493] [exthost] [info] ExtensionService#loadCommonJSModule /usr/share/code-oss/resources/app/extensions/css-language-features/client/dist/cssMain
[2020-10-31 23:32:42.413] [exthost] [info] ExtensionService#_doActivateExtension vscode.html-language-features {"startup":false,"activationEvent":"onLanguage:html"}
[2020-10-31 23:32:42.413] [exthost] [info] ExtensionService#loadCommonJSModule /usr/share/code-oss/resources/app/extensions/html-language-features/client/dist/htmlMain
