[2020-10-31 21:36:24.295] [exthost] [info] extension host started
[2020-10-31 21:36:24.391] [exthost] [info] ExtensionService#_doActivateExtension vscode.debug-auto-launch {"startup":true,"activationEvent":"*"}
[2020-10-31 21:36:24.391] [exthost] [info] ExtensionService#loadCommonJSModule /usr/share/code-oss/resources/app/extensions/debug-auto-launch/dist/extension
[2020-10-31 21:36:24.419] [exthost] [info] ExtensionService#_doActivateExtension vscode.emmet {"startup":true,"activationEvent":"*"}
[2020-10-31 21:36:24.420] [exthost] [info] ExtensionService#loadCommonJSModule /usr/share/code-oss/resources/app/extensions/emmet/dist/extension
[2020-10-31 21:36:24.545] [exthost] [info] ExtensionService#_doActivateExtension vscode.git {"startup":true,"activationEvent":"*"}
[2020-10-31 21:36:24.545] [exthost] [info] ExtensionService#loadCommonJSModule /usr/share/code-oss/resources/app/extensions/git/dist/main
[2020-10-31 21:36:24.998] [exthost] [info] ExtensionService#_doActivateExtension vscode.merge-conflict {"startup":true,"activationEvent":"*"}
[2020-10-31 21:36:24.998] [exthost] [info] ExtensionService#loadCommonJSModule /usr/share/code-oss/resources/app/extensions/merge-conflict/dist/extension
[2020-10-31 21:36:25.022] [exthost] [info] eager extensions activated
[2020-10-31 21:37:09.747] [exthost] [info] extension host started
[2020-10-31 21:37:09.907] [exthost] [info] ExtensionService#_doActivateExtension vscode.debug-auto-launch {"startup":true,"activationEvent":"*"}
[2020-10-31 21:37:09.908] [exthost] [info] ExtensionService#loadCommonJSModule /usr/share/code-oss/resources/app/extensions/debug-auto-launch/dist/extension
[2020-10-31 21:37:09.927] [exthost] [info] ExtensionService#_doActivateExtension vscode.emmet {"startup":true,"activationEvent":"*"}
[2020-10-31 21:37:09.928] [exthost] [info] ExtensionService#loadCommonJSModule /usr/share/code-oss/resources/app/extensions/emmet/dist/extension
[2020-10-31 21:37:10.051] [exthost] [info] ExtensionService#_doActivateExtension vscode.git {"startup":true,"activationEvent":"*"}
[2020-10-31 21:37:10.051] [exthost] [info] ExtensionService#loadCommonJSModule /usr/share/code-oss/resources/app/extensions/git/dist/main
[2020-10-31 21:37:10.359] [exthost] [info] ExtensionService#_doActivateExtension vscode.merge-conflict {"startup":true,"activationEvent":"*"}
[2020-10-31 21:37:10.359] [exthost] [info] ExtensionService#loadCommonJSModule /usr/share/code-oss/resources/app/extensions/merge-conflict/dist/extension
[2020-10-31 21:37:10.386] [exthost] [info] eager extensions activated
[2020-10-31 21:46:06.076] [exthost] [info] extension host started
[2020-10-31 21:46:06.187] [exthost] [info] ExtensionService#_doActivateExtension vscode.debug-auto-launch {"startup":true,"activationEvent":"*"}
[2020-10-31 21:46:06.187] [exthost] [info] ExtensionService#loadCommonJSModule /usr/share/code-oss/resources/app/extensions/debug-auto-launch/dist/extension
[2020-10-31 21:46:06.223] [exthost] [info] ExtensionService#_doActivateExtension vscode.emmet {"startup":true,"activationEvent":"*"}
[2020-10-31 21:46:06.223] [exthost] [info] ExtensionService#loadCommonJSModule /usr/share/code-oss/resources/app/extensions/emmet/dist/extension
[2020-10-31 21:46:06.358] [exthost] [info] ExtensionService#_doActivateExtension vscode.git {"startup":true,"activationEvent":"*"}
[2020-10-31 21:46:06.358] [exthost] [info] ExtensionService#loadCommonJSModule /usr/share/code-oss/resources/app/extensions/git/dist/main
[2020-10-31 21:46:06.717] [exthost] [info] ExtensionService#_doActivateExtension vscode.merge-conflict {"startup":true,"activationEvent":"*"}
[2020-10-31 21:46:06.717] [exthost] [info] ExtensionService#loadCommonJSModule /usr/share/code-oss/resources/app/extensions/merge-conflict/dist/extension
[2020-10-31 21:46:06.744] [exthost] [info] eager extensions activated
[2020-10-31 21:47:34.802] [exthost] [info] ExtensionService#_doActivateExtension vscode.python {"startup":false,"activationEvent":"onLanguage:python"}
[2020-10-31 21:47:34.802] [exthost] [info] ExtensionService#loadCommonJSModule /usr/share/code-oss/resources/app/extensions/python/out/pythonMain
[2020-10-31 21:47:34.807] [exthost] [info] ExtensionService#_doActivateExtension batisteo.vscode-django {"startup":false,"activationEvent":"onLanguage:python"}
[2020-10-31 21:47:34.808] [exthost] [info] ExtensionService#loadCommonJSModule /home/pi/.vscode-oss/extensions/batisteo.vscode-django-0.20.0/out/extension
[2020-10-31 21:47:34.863] [exthost] [info] ExtensionService#_doActivateExtension ms-python.python {"startup":false,"activationEvent":"onLanguage:python"}
[2020-10-31 21:47:34.863] [exthost] [info] ExtensionService#loadCommonJSModule /home/pi/.vscode-oss/extensions/ms-python.python-2019.1.0/out/client/extension
[2020-10-31 21:47:36.612] [exthost] [info] ExtensionService#_doActivateExtension VisualStudioExptTeam.vscodeintellicode {"startup":false,"activationEvent":"onLanguage:python"}
[2020-10-31 21:47:36.612] [exthost] [info] ExtensionService#loadCommonJSModule /home/pi/.vscode-oss/extensions/visualstudioexptteam.vscodeintellicode-1.0.6/out/extension
[2020-10-31 22:16:20.756] [exthost] [info] ExtensionService#_doActivateExtension vscode.html-language-features {"startup":false,"activationEvent":"onLanguage:html"}
[2020-10-31 22:16:20.756] [exthost] [info] ExtensionService#loadCommonJSModule /usr/share/code-oss/resources/app/extensions/html-language-features/client/dist/htmlMain
